{"apiKey":"anonymous","duration":"90ms","ip":"::1","level":"info","message":"Gateway Request:","method":"POST","status":403,"timestamp":"2026-04-16T07:42:33.179Z","url":"/proxy/api/v1/test"}
{"apiKey":"anonymous","duration":"12ms","ip":"::1","level":"info","message":"Gateway Request:","method":"POST","status":403,"timestamp":"2026-04-16T07:42:33.218Z","url":"/proxy/api/v1/test"}
{"apiKey":"anonymous","duration":"14ms","ip":"::1","level":"info","message":"Gateway Request:","method":"POST","status":403,"timestamp":"2026-04-16T07:42:33.249Z","url":"/proxy/api/v1/test"}
{"apiKey":"anonymous","duration":"9ms","ip":"::1","level":"info","message":"Gateway Request:","method":"POST","status":403,"timestamp":"2026-04-16T07:42:33.271Z","url":"/proxy/api/v1/test"}
{"apiKey":"anonymous","duration":"5ms","ip":"::1","level":"info","message":"Gateway Request:","method":"POST","status":403,"timestamp":"2026-04-16T07:43:11.255Z","url":"/proxy/api/v1/test"}
{"apiKey":"anonymous","duration":"5ms","ip":"::1","level":"info","message":"Gateway Request:","method":"POST","status":403,"timestamp":"2026-04-16T07:43:11.279Z","url":"/proxy/api/v1/test"}
{"apiKey":"anonymous","duration":"6ms","ip":"::1","level":"info","message":"Gateway Request:","method":"POST","status":403,"timestamp":"2026-04-16T07:43:11.294Z","url":"/proxy/api/v1/test"}
{"apiKey":"anonymous","duration":"5ms","ip":"::1","level":"info","message":"Gateway Request:","method":"POST","status":403,"timestamp":"2026-04-16T07:43:11.306Z","url":"/proxy/api/v1/test"}
{"apiKey":"69e09336da2bf7fb7c9f9c1d","duration":"39ms","ip":"::1","level":"info","message":"Gateway Request:","method":"POST","status":504,"timestamp":"2026-04-16T07:43:55.522Z","url":"/proxy/api/v1/test"}
{"apiKey":"69e09336da2bf7fb7c9f9c1d","duration":"5ms","ip":"::1","level":"info","message":"Gateway Request:","method":"POST","status":403,"timestamp":"2026-04-16T07:43:55.546Z","url":"/proxy/api/v1/test"}
{"apiKey":"69e09336da2bf7fb7c9f9c1d","duration":"5ms","ip":"::1","level":"info","message":"Gateway Request:","method":"POST","status":500,"timestamp":"2026-04-16T07:43:55.559Z","url":"/proxy/api/v1/test"}
{"apiKey":"69e09336da2bf7fb7c9f9c1d","duration":"13ms","ip":"::1","level":"info","message":"Gateway Request:","method":"POST","status":504,"timestamp":"2026-04-16T07:43:55.580Z","url":"/proxy/api/v1/test"}
{"apiKey":"69e09336da2bf7fb7c9f9c1d","duration":"8ms","ip":"::1","level":"info","message":"Gateway Request:","method":"POST","status":504,"timestamp":"2026-04-16T07:44:44.097Z","url":"/proxy/api/v1/test"}
{"apiKey":"69e09336da2bf7fb7c9f9c1d","duration":"4ms","ip":"::1","level":"info","message":"Gateway Request:","method":"POST","status":403,"timestamp":"2026-04-16T07:44:44.118Z","url":"/proxy/api/v1/test"}
{"apiKey":"69e09336da2bf7fb7c9f9c1d","duration":"5ms","ip":"::1","level":"info","message":"Gateway Request:","method":"POST","status":500,"timestamp":"2026-04-16T07:44:44.130Z","url":"/proxy/api/v1/test"}
{"apiKey":"69e09336da2bf7fb7c9f9c1d","duration":"8ms","ip":"::1","level":"info","message":"Gateway Request:","method":"POST","status":504,"timestamp":"2026-04-16T07:44:44.148Z","url":"/proxy/api/v1/test"}
{"apiKey":"anonymous","duration":"107ms","ip":"::1","level":"info","message":"Gateway Request:","method":"GET","status":200,"timestamp":"2026-04-16T07:55:31.547Z","url":"/admin/keys"}
{"apiKey":"anonymous","duration":"12ms","ip":"::1","level":"info","message":"Gateway Request:","method":"GET","status":304,"timestamp":"2026-04-16T07:55:31.622Z","url":"/admin/keys"}
{"apiKey":"anonymous","duration":"6ms","ip":"::1","level":"info","message":"Gateway Request:","method":"GET","status":304,"timestamp":"2026-04-16T08:07:27.796Z","url":"/admin/keys"}
{"apiKey":"anonymous","duration":"4ms","ip":"::1","level":"info","message":"Gateway Request:","method":"GET","status":304,"timestamp":"2026-04-16T08:07:27.802Z","url":"/admin/keys"}
{"apiKey":"anonymous","duration":"4ms","ip":"::1","level":"info","message":"Gateway Request:","method":"GET","status":304,"timestamp":"2026-04-16T10:31:23.365Z","url":"/admin/keys"}
{"apiKey":"anonymous","duration":"5ms","ip":"::1","level":"info","message":"Gateway Request:","method":"GET","status":304,"timestamp":"2026-04-16T10:31:23.372Z","url":"/admin/keys"}
{"apiKey":"anonymous","duration":"3ms","ip":"::1","level":"info","message":"Gateway Request:","method":"GET","status":304,"timestamp":"2026-04-16T10:32:08.796Z","url":"/admin/keys"}
{"apiKey":"anonymous","duration":"5ms","ip":"::1","level":"info","message":"Gateway Request:","method":"GET","status":304,"timestamp":"2026-04-16T10:32:08.803Z","url":"/admin/keys"}
{"apiKey":"anonymous","duration":"11ms","ip":"::1","level":"info","message":"Gateway Request:","method":"POST","status":201,"timestamp":"2026-04-16T10:34:19.800Z","url":"/admin/keys"}
{"apiKey":"anonymous","duration":"10ms","ip":"::1","level":"info","message":"Gateway Request:","method":"GET","status":200,"timestamp":"2026-04-16T10:34:19.813Z","url":"/admin/keys"}
{"apiKey":"anonymous","duration":"12ms","ip":"::1","level":"info","message":"Gateway Request:","method":"DELETE","status":200,"timestamp":"2026-04-16T10:34:24.247Z","url":"/admin/keys/69e0bb2b4ade256cfc5c9b53"}
{"apiKey":"anonymous","duration":"3ms","ip":"::1","level":"info","message":"Gateway Request:","method":"GET","status":200,"timestamp":"2026-04-16T10:34:24.254Z","url":"/admin/keys"}
